#
# A fatal error has been detected by the Java Runtime Environment:
#
#  EXCEPTION_ACCESS_VIOLATION (0xc0000005) at pc=0x0000000070efc225, pid=14500, tid=0x000000000000255c
#
# JRE version: Java(TM) SE Runtime Environment (8.0_181-b13) (build 1.8.0_181-b13)
# Java VM: Java HotSpot(TM) 64-Bit Server VM (25.181-b13 mixed mode windows-amd64 compressed oops)
# Problematic frame:
# C  [MSVCR100.dll+0x3c225]
#
# Failed to write core dump. Minidumps are not enabled by default on client versions of Windows
#
# If you would like to submit a bug report, please visit:
#   http://bugreport.java.com/bugreport/crash.jsp
#

---------------  T H R E A D  ---------------

Current thread (0x0000000022c5c800):  JavaThread "System clipboard synchronizer" daemon [_thread_in_vm, id=9564, stack(0x000000002cbe0000,0x000000002cde0000)]

siginfo: ExceptionCode=0xc0000005, reading address 0x000000001b954808

Registers:
RAX=0x0000000000000003, RBX=0x0000000022c5c800, RCX=0x00000000eb7187e0, RDX=0xffffffff3023c038
RSP=0x000000002cddf258, RBP=0x0000000018a82cc0, RSI=0x0000000000000000, RDI=0x000000000062371c
R8 =0x00000000003d4718, R9 =0xfff0f0f0fff0f0f0, R10=0xfff0f0f0fff0f0f0, R11=0x00000000eb345008
R12=0x0000000000000008, R13=0x0000000000000000, R14=0x000000000062371c, R15=0x0000000022c5c800
RIP=0x0000000070efc225, EFLAGS=0x0000000000010206

Top of Stack: (sp=0x000000002cddf258)
0x000000002cddf258:   00000000710fcd01 000000001b581000
0x000000002cddf268:   00000000710e1acd 000000000062371c
0x000000002cddf278:   00007ffb21546941 000000002cddf398
0x000000002cddf288:   000000001b581000 0000000022c5c800
0x000000002cddf298:   0000000000000000 000000000062371c
0x000000002cddf2a8:   0000000000000008 0000000018a82cc0
0x000000002cddf2b8:   0000000070cca45f 0000000022c5c9f8
0x000000002cddf2c8:   000000002cddf398 000000001b581040
0x000000002cddf2d8:   000000001b581040 000000001b581040
0x000000002cddf2e8:   00000000c17d9320 0000000000000000
0x000000002cddf2f8:   fffffffffffffffe 000000002cddf3c8
0x000000002cddf308:   00000000253b2608 0000000000000000
0x000000002cddf318:   0000000003088c67 00000000253b2610
0x000000002cddf328:   000000001e0c65d8 00000000c00b9be0
0x000000002cddf338:   000000001b581040 00000000c17aac40
0x000000002cddf348:   00000000eb3263f8 00000000c17d9320 

Instructions: (pc=0x0000000070efc225)
0x0000000070efc205:   00 00 0f 18 04 0a 0f 18 44 0a 40 ff c8 75 ec 48
0x0000000070efc215:   81 c1 00 10 00 00 b8 40 00 00 00 4c 8b 4c 0a f8
0x0000000070efc225:   4c 8b 54 0a f0 4c 0f c3 49 f8 4c 0f c3 51 f0 4c
0x0000000070efc235:   8b 4c 0a e8 4c 8b 54 0a e0 4c 0f c3 49 e8 4c 0f 


Register to memory mapping:

RAX=0x0000000000000003 is an unknown value
RBX=0x0000000022c5c800 is a thread
RCX=0x00000000eb7187e0 is an oop

[error occurred during error reporting (printing register info), id 0xc0000005]

Stack: [0x000000002cbe0000,0x000000002cde0000],  sp=0x000000002cddf258,  free space=2044k
Native frames: (J=compiled Java code, j=interpreted, Vv=VM code, C=native code)
C  [MSVCR100.dll+0x3c225]
V  [jvm.dll+0x15cd01]
C  [awt.dll+0x8a45f]
C  0x0000000003088c67

Java frames: (J=compiled Java code, j=interpreted, Vv=VM code)
j  sun.awt.windows.WClipboard.getClipboardData(J)[B+0
J 5793 C1 sun.awt.datatransfer.ClipboardTransferable.fetchOneFlavor(Lsun/awt/datatransfer/SunClipboard;Ljava/awt/datatransfer/DataFlavor;Ljava/lang/Long;Ljava/util/HashMap;)Z (133 bytes) @ 0x00000000040c9a64 [0x00000000040c9680+0x3e4]
j  sun.awt.datatransfer.ClipboardTransferable.<init>(Lsun/awt/datatransfer/SunClipboard;)V+122
j  sun.awt.datatransfer.SunClipboard.getContents(Ljava/lang/Object;)Ljava/awt/datatransfer/Transferable;+17
j  org.netbeans.NbClipboard$GetContents.run()V+16
J 6155 C1 org.openide.util.RequestProcessor$Task.run()V (186 bytes) @ 0x000000000408c9dc [0x000000000408c460+0x57c]
J 6978 C1 org.netbeans.modules.openide.util.GlobalLookup.execute(Lorg/openide/util/Lookup;Ljava/lang/Runnable;)Z (60 bytes) @ 0x000000000398dd6c [0x000000000398d680+0x6ec]
J 6583 C1 org.openide.util.lookup.Lookups.executeWith(Lorg/openide/util/Lookup;Ljava/lang/Runnable;)V (15 bytes) @ 0x0000000004289d24 [0x0000000004289cc0+0x64]
j  org.openide.util.RequestProcessor$Processor.run()V+259
v  ~StubRoutines::call_stub

---------------  P R O C E S S  ---------------

Java Threads: ( => current thread )
  0x0000000022c62800 JavaThread "Inactive RequestProcessor thread [Was:Folder recognizer/org.openide.loaders.FolderList$ListTask]" daemon [_thread_blocked, id=14504, stack(0x000000002ff30000,0x0000000030130000)]
  0x0000000018e08000 JavaThread "Inactive RequestProcessor thread [Was:Data System Nodes/org.openide.loaders.DataNode$NamesUpdater]" daemon [_thread_blocked, id=2528, stack(0x000000002fb30000,0x000000002fd30000)]
  0x0000000018e0e000 JavaThread "Inactive RequestProcessor thread [Was:org.netbeans.core.network.proxy.NbProxySelector/org.netbeans.core.network.proxy.NbProxySelector$DnsTimeoutTask]" daemon [_thread_blocked, id=1512, stack(0x000000002f930000,0x000000002fb30000)]
  0x0000000018e0c800 JavaThread "Inactive RequestProcessor thread [Was:org.openide.text Document Processing/org.openide.text.DocumentOpenClose$DocumentClose]" daemon [_thread_blocked, id=14164, stack(0x000000002f730000,0x000000002f930000)]
  0x00000000210c6000 JavaThread "Inactive RequestProcessor thread [Was:Flush UI Logs/org.netbeans.modules.uihandler.UIHandler$2WriteOut]" daemon [_thread_blocked, id=13552, stack(0x000000002ef30000,0x000000002f130000)]
  0x0000000022c5a000 JavaThread "Inactive RequestProcessor thread [Was:Data System Nodes for org.netbeans.modules.masterfs.ui.FileBasedFSWithUI/org.openide.loaders.DataNode$NamesUpdater$2]" daemon [_thread_blocked, id=10424, stack(0x000000002dde0000,0x000000002dfe0000)]
  0x0000000022c60000 JavaThread "Inactive RequestProcessor thread [Was:Folder recognizer/org.openide.loaders.FolderList$ListTask]" daemon [_thread_blocked, id=7248, stack(0x000000002d9e0000,0x000000002dbe0000)]
  0x0000000022c5e800 JavaThread "Inactive RequestProcessor thread [Was:org.netbeans.modules.editor.oldlibbridge.AnnotationsHighlighting/org.netbeans.modules.editor.impl.highlighting.AnnotationsHighlighting$R]" daemon [_thread_blocked, id=6712, stack(0x000000002d7e0000,0x000000002d9e0000)]
  0x0000000022c58800 JavaThread "Inactive RequestProcessor thread [Was:EditorBracesMatching/null]" daemon [_thread_blocked, id=10464, stack(0x000000002d5e0000,0x000000002d7e0000)]
  0x0000000022c58000 JavaThread "Inactive RequestProcessor thread [Was:Folder recognizer/org.openide.loaders.FolderList$ListTask]" daemon [_thread_blocked, id=5440, stack(0x000000002d1e0000,0x000000002d3e0000)]
  0x0000000022c55800 JavaThread "Inactive RequestProcessor thread [Was:Folder recognizer/org.openide.loaders.FolderList$ListTask]" daemon [_thread_blocked, id=14476, stack(0x000000002cfe0000,0x000000002d1e0000)]
  0x0000000022c57000 JavaThread "Inactive RequestProcessor thread [Was:Project UI/org.netbeans.modules.project.ui.ProjectsRootNode$BadgingNode]" daemon [_thread_blocked, id=11784, stack(0x000000002cde0000,0x000000002cfe0000)]
=>0x0000000022c5c800 JavaThread "System clipboard synchronizer" daemon [_thread_in_vm, id=9564, stack(0x000000002cbe0000,0x000000002cde0000)]
  0x0000000022c61000 JavaThread "TimerQueue" daemon [_thread_blocked, id=15120, stack(0x0000000026860000,0x0000000026a60000)]
  0x00000000210be800 JavaThread "Worker-JM" [_thread_blocked, id=14008, stack(0x0000000026c70000,0x0000000026e70000)]
  0x00000000210c2800 JavaThread "Framework Event Dispatcher" daemon [_thread_blocked, id=9828, stack(0x0000000026460000,0x0000000026660000)]
  0x00000000210bb800 JavaThread "Deadlock Detector" [_thread_blocked, id=5852, stack(0x0000000026260000,0x0000000026460000)]
  0x00000000210bc800 JavaThread "Thread-3" daemon [_thread_blocked, id=3432, stack(0x0000000026060000,0x0000000026260000)]
  0x00000000210c3000 JavaThread "W32 File Monitor" daemon [_thread_in_native, id=860, stack(0x0000000025c30000,0x0000000025e30000)]
  0x00000000210c1000 JavaThread "File Watcher" daemon [_thread_blocked, id=3632, stack(0x0000000025a30000,0x0000000025c30000)]
  0x00000000210c1800 JavaThread "Inactive RequestProcessor thread [Was:Flush UI Logs/org.netbeans.modules.uihandler.UIHandler$2WriteOut]" daemon [_thread_blocked, id=9260, stack(0x0000000025060000,0x0000000025260000)]
  0x00000000210bd000 JavaThread "Inactive RequestProcessor thread [Was:Folding initializer/org.netbeans.modules.editor.fold.FoldHierarchyExecution]" daemon [_thread_blocked, id=14104, stack(0x0000000024e60000,0x0000000025060000)]
  0x00000000210c0000 JavaThread "Inactive RequestProcessor thread [Was:Folder recognizer/org.openide.loaders.FolderList$ListTask]" daemon [_thread_blocked, id=6468, stack(0x0000000024c60000,0x0000000024e60000)]
  0x00000000210be000 JavaThread "Inactive RequestProcessor thread [Was:Folding initializer/org.netbeans.modules.editor.fold.FoldHierarchyExecution]" daemon [_thread_blocked, id=5696, stack(0x0000000024a60000,0x0000000024c60000)]
  0x0000000022c5f800 JavaThread "Inactive RequestProcessor thread [Was:org.netbeans.modules.parsing.impl.indexing.DefaultCacheFolderProvider/org.netbeans.modules.parsing.impl.indexing.DefaultCacheFolderProvider$Saver]" daemon [_thread_blocked, id=4992, stack(0x0000000024860000,0x0000000024a60000)]
  0x0000000022c5e000 JavaThread "Editor Parsing Loop (201705191307)" daemon [_thread_blocked, id=10188, stack(0x0000000024660000,0x0000000024860000)]
  0x0000000022c5d000 JavaThread "Inactive RequestProcessor thread [Was:TimedSoftReference/org.openide.util.TimedSoftReference]" daemon [_thread_blocked, id=14408, stack(0x0000000024460000,0x0000000024660000)]
  0x0000000022c61800 JavaThread "State Data Manager" daemon [_thread_blocked, id=1996, stack(0x000000001f4a0000,0x000000001f6a0000)]
  0x0000000022c5b800 JavaThread "Framework Active Thread" [_thread_blocked, id=13984, stack(0x000000001f2a0000,0x000000001f4a0000)]
  0x0000000018e0d000 JavaThread "AWT-EventQueue-0" [_thread_blocked, id=14968, stack(0x000000001fad0000,0x000000001fcd0000)]
  0x0000000018e07000 JavaThread "AWT-Windows" daemon [_thread_in_native, id=12396, stack(0x000000001e9b0000,0x000000001ebb0000)]
  0x0000000018e0b000 JavaThread "AWT-Shutdown" [_thread_blocked, id=11312, stack(0x000000001e7b0000,0x000000001e9b0000)]
  0x0000000018e0a000 JavaThread "Java2D Disposer" daemon [_thread_blocked, id=3680, stack(0x000000001e5b0000,0x000000001e7b0000)]
  0x0000000018e09800 JavaThread "RequestProcessor queue manager" daemon [_thread_blocked, id=1092, stack(0x000000001e1b0000,0x000000001e3b0000)]
  0x0000000018e0b800 JavaThread "Refresh-After-WindowActivated" daemon [_thread_in_vm, id=15300, stack(0x000000001ddb0000,0x000000001dfb0000)]
  0x0000000018e08800 JavaThread "CLI Requests Server" daemon [_thread_in_native, id=14276, stack(0x000000001dbb0000,0x000000001ddb0000)]
  0x0000000018ad2000 JavaThread "Active Reference Queue Daemon" daemon [_thread_blocked, id=7240, stack(0x0000000018fa0000,0x00000000191a0000)]
  0x0000000017351000 JavaThread "Service Thread" daemon [_thread_blocked, id=13524, stack(0x00000000180a0000,0x00000000182a0000)]
  0x00000000172d8000 JavaThread "C1 CompilerThread2" daemon [_thread_blocked, id=15356, stack(0x0000000017ea0000,0x00000000180a0000)]
  0x00000000172d5800 JavaThread "C2 CompilerThread1" daemon [_thread_blocked, id=1760, stack(0x0000000017ca0000,0x0000000017ea0000)]
  0x00000000172ce000 JavaThread "C2 CompilerThread0" daemon [_thread_in_native, id=7440, stack(0x0000000017aa0000,0x0000000017ca0000)]
  0x00000000172c8800 JavaThread "Attach Listener" daemon [_thread_blocked, id=8744, stack(0x00000000178a0000,0x0000000017aa0000)]
  0x00000000172c6800 JavaThread "Signal Dispatcher" daemon [_thread_blocked, id=1296, stack(0x00000000176a0000,0x00000000178a0000)]
  0x0000000015b6f800 JavaThread "Finalizer" daemon [_thread_blocked, id=9788, stack(0x0000000016fa0000,0x00000000171a0000)]
  0x0000000015b3d800 JavaThread "Reference Handler" daemon [_thread_blocked, id=8124, stack(0x0000000016da0000,0x0000000016fa0000)]
  0x0000000002ecc800 JavaThread "main" [_thread_blocked, id=7484, stack(0x0000000000580000,0x0000000000780000)]

Other Threads:
  0x0000000015b2e000 VMThread [stack: 0x0000000016ba0000,0x0000000016da0000] [id=8604]
  0x000000001737f000 WatcherThread [stack: 0x00000000182a0000,0x00000000184a0000] [id=5600]

VM state:not at safepoint (normal execution)

VM Mutex/Monitor currently owned by a thread: None

Heap:
 PSYoungGen      total 294912K, used 14792K [0x00000000eab00000, 0x00000000ff780000, 0x0000000100000000)
  eden space 280064K, 5% used [0x00000000eab00000,0x00000000eb972208,0x00000000fbc80000)
  from space 14848K, 0% used [0x00000000fd500000,0x00000000fd500000,0x00000000fe380000)
  to   space 25088K, 0% used [0x00000000fbc80000,0x00000000fbc80000,0x00000000fd500000)
 ParOldGen       total 133632K, used 87531K [0x00000000c0000000, 0x00000000c8280000, 0x00000000eab00000)
  object space 133632K, 65% used [0x00000000c0000000,0x00000000c557af18,0x00000000c8280000)
 Metaspace       used 85320K, capacity 96266K, committed 96512K, reserved 1132544K
  class space    used 10951K, capacity 14038K, committed 14080K, reserved 1048576K

Card table byte_map: [0x0000000012430000,0x0000000012640000] byte_map_base: 0x0000000011e30000

Marking Bits: (ParMarkBitMap*) 0x00000000717c2d00
 Begin Bits: [0x0000000012fa0000, 0x0000000013fa0000)
 End Bits:   [0x0000000013fa0000, 0x0000000014fa0000)

Polling page: 0x00000000001d0000

CodeCache: size=245760Kb used=33606Kb max_used=33606Kb free=212153Kb
 bounds [0x0000000003070000, 0x0000000005180000, 0x0000000012070000]
 total_blobs=9998 nmethods=9219 adapters=687
 compilation: enabled

Compilation events (10 events):
Event: 70.371 Thread 0x00000000172d8000 nmethod 11920 0x000000000515c0d0 code [0x000000000515c260, 0x000000000515c588]
Event: 70.372 Thread 0x00000000172d8000 11921       3       sun.swing.MenuItemLayoutHelper::<init> (28 bytes)
Event: 70.372 Thread 0x00000000172d8000 nmethod 11921 0x000000000515bc10 code [0x000000000515bd80, 0x000000000515bfc8]
Event: 70.372 Thread 0x00000000172d8000 11922       3       sun.swing.MenuItemLayoutHelper::reset (308 bytes)
Event: 70.376 Thread 0x00000000172ce000 nmethod 11919 0x000000000515b490 code [0x000000000515b620, 0x000000000515b9b0]
Event: 70.378 Thread 0x00000000172d8000 nmethod 11922 0x000000000381ead0 code [0x000000000381ee60, 0x0000000003820e08]
Event: 70.378 Thread 0x00000000172d8000 11924       3       sun.util.locale.LocaleUtils::caseIgnoreMatch (73 bytes)
Event: 70.381 Thread 0x00000000172d8000 nmethod 11924 0x000000000381d550 code [0x000000000381d760, 0x000000000381e418]
Event: 70.381 Thread 0x00000000172d8000 11923       3       sun.swing.MenuItemLayoutHelper::getIcon (70 bytes)
Event: 70.385 Thread 0x00000000172d8000 nmethod 11923 0x00000000049d6f90 code [0x00000000049d71e0, 0x00000000049d8088]

GC Heap History (10 events):
Event: 52.144 GC heap before
{Heap before GC invocations=25 (full 4):
 PSYoungGen      total 229888K, used 11591K [0x00000000eab00000, 0x00000000fc280000, 0x0000000100000000)
  eden space 217088K, 0% used [0x00000000eab00000,0x00000000eab00000,0x00000000f7f00000)
  from space 12800K, 90% used [0x00000000f7f00000,0x00000000f8a51fa0,0x00000000f8b80000)
  to   space 14336K, 0% used [0x00000000fb480000,0x00000000fb480000,0x00000000fc280000)
 ParOldGen       total 59392K, used 51466K [0x00000000c0000000, 0x00000000c3a00000, 0x00000000eab00000)
  object space 59392K, 86% used [0x00000000c0000000,0x00000000c3242b20,0x00000000c3a00000)
 Metaspace       used 78574K, capacity 88844K, committed 89088K, reserved 1126400K
  class space    used 10049K, capacity 12954K, committed 13056K, reserved 1048576K
Event: 52.451 GC heap after
Heap after GC invocations=25 (full 4):
 PSYoungGen      total 229888K, used 0K [0x00000000eab00000, 0x00000000fc280000, 0x0000000100000000)
  eden space 217088K, 0% used [0x00000000eab00000,0x00000000eab00000,0x00000000f7f00000)
  from space 12800K, 0% used [0x00000000f7f00000,0x00000000f7f00000,0x00000000f8b80000)
  to   space 14336K, 0% used [0x00000000fb480000,0x00000000fb480000,0x00000000fc280000)
 ParOldGen       total 88576K, used 55690K [0x00000000c0000000, 0x00000000c5680000, 0x00000000eab00000)
  object space 88576K, 62% used [0x00000000c0000000,0x00000000c3662978,0x00000000c5680000)
 Metaspace       used 78570K, capacity 88838K, committed 89088K, reserved 1126400K
  class space    used 10048K, capacity 12953K, committed 13056K, reserved 1048576K
}
Event: 54.819 GC heap before
{Heap before GC invocations=26 (full 4):
 PSYoungGen      total 229888K, used 217088K [0x00000000eab00000, 0x00000000fc280000, 0x0000000100000000)
  eden space 217088K, 100% used [0x00000000eab00000,0x00000000f7f00000,0x00000000f7f00000)
  from space 12800K, 0% used [0x00000000f7f00000,0x00000000f7f00000,0x00000000f8b80000)
  to   space 14336K, 0% used [0x00000000fb480000,0x00000000fb480000,0x00000000fc280000)
 ParOldGen       total 88576K, used 55690K [0x00000000c0000000, 0x00000000c5680000, 0x00000000eab00000)
  object space 88576K, 62% used [0x00000000c0000000,0x00000000c3662978,0x00000000c5680000)
 Metaspace       used 82646K, capacity 93404K, committed 93568K, reserved 1128448K
  class space    used 10613K, capacity 13653K, committed 13696K, reserved 1048576K
Event: 54.837 GC heap after
Heap after GC invocations=26 (full 4):
 PSYoungGen      total 262656K, used 7761K [0x00000000eab00000, 0x00000000fbe00000, 0x0000000100000000)
  eden space 252928K, 0% used [0x00000000eab00000,0x00000000eab00000,0x00000000fa200000)
  from space 9728K, 79% used [0x00000000fb480000,0x00000000fbc147c8,0x00000000fbe00000)
  to   space 14336K, 0% used [0x00000000fa200000,0x00000000fa200000,0x00000000fb000000)
 ParOldGen       total 88576K, used 55698K [0x00000000c0000000, 0x00000000c5680000, 0x00000000eab00000)
  object space 88576K, 62% used [0x00000000c0000000,0x00000000c3664978,0x00000000c5680000)
 Metaspace       used 82646K, capacity 93404K, committed 93568K, reserved 1128448K
  class space    used 10613K, capacity 13653K, committed 13696K, reserved 1048576K
}
Event: 63.284 GC heap before
{Heap before GC invocations=27 (full 4):
 PSYoungGen      total 262656K, used 260689K [0x00000000eab00000, 0x00000000fbe00000, 0x0000000100000000)
  eden space 252928K, 100% used [0x00000000eab00000,0x00000000fa200000,0x00000000fa200000)
  from space 9728K, 79% used [0x00000000fb480000,0x00000000fbc147c8,0x00000000fbe00000)
  to   space 14336K, 0% used [0x00000000fa200000,0x00000000fa200000,0x00000000fb000000)
 ParOldGen       total 88576K, used 55698K [0x00000000c0000000, 0x00000000c5680000, 0x00000000eab00000)
  object space 88576K, 62% used [0x00000000c0000000,0x00000000c3664978,0x00000000c5680000)
 Metaspace       used 85232K, capacity 96184K, committed 96512K, reserved 1132544K
  class space    used 10949K, capacity 14035K, committed 14080K, reserved 1048576K
Event: 63.319 GC heap after
Heap after GC invocations=27 (full 4):
 PSYoungGen      total 267264K, used 10316K [0x00000000eab00000, 0x00000000fe380000, 0x0000000100000000)
  eden space 252928K, 0% used [0x00000000eab00000,0x00000000eab00000,0x00000000fa200000)
  from space 14336K, 71% used [0x00000000fa200000,0x00000000fac13048,0x00000000fb000000)
  to   space 14848K, 0% used [0x00000000fd500000,0x00000000fd500000,0x00000000fe380000)
 ParOldGen       total 88576K, used 55706K [0x00000000c0000000, 0x00000000c5680000, 0x00000000eab00000)
  object space 88576K, 62% used [0x00000000c0000000,0x00000000c3666978,0x00000000c5680000)
 Metaspace       used 85232K, capacity 96184K, committed 96512K, reserved 1132544K
  class space    used 10949K, capacity 14035K, committed 14080K, reserved 1048576K
}
Event: 68.985 GC heap before
{Heap before GC invocations=28 (full 4):
 PSYoungGen      total 267264K, used 263244K [0x00000000eab00000, 0x00000000fe380000, 0x0000000100000000)
  eden space 252928K, 100% used [0x00000000eab00000,0x00000000fa200000,0x00000000fa200000)
  from space 14336K, 71% used [0x00000000fa200000,0x00000000fac13048,0x00000000fb000000)
  to   space 14848K, 0% used [0x00000000fd500000,0x00000000fd500000,0x00000000fe380000)
 ParOldGen       total 88576K, used 55706K [0x00000000c0000000, 0x00000000c5680000, 0x00000000eab00000)
  object space 88576K, 62% used [0x00000000c0000000,0x00000000c3666978,0x00000000c5680000)
 Metaspace       used 85299K, capacity 96266K, committed 96512K, reserved 1132544K
  class space    used 10950K, capacity 14038K, committed 14080K, reserved 1048576K
Event: 69.053 GC heap after
Heap after GC invocations=28 (full 4):
 PSYoungGen      total 294912K, used 14825K [0x00000000eab00000, 0x00000000ff780000, 0x0000000100000000)
  eden space 280064K, 0% used [0x00000000eab00000,0x00000000eab00000,0x00000000fbc80000)
  from space 14848K, 99% used [0x00000000fd500000,0x00000000fe37a798,0x00000000fe380000)
  to   space 25088K, 0% used [0x00000000fbc80000,0x00000000fbc80000,0x00000000fd500000)
 ParOldGen       total 88576K, used 77712K [0x00000000c0000000, 0x00000000c5680000, 0x00000000eab00000)
  object space 88576K, 87% used [0x00000000c0000000,0x00000000c4be4300,0x00000000c5680000)
 Metaspace       used 85299K, capacity 96266K, committed 96512K, reserved 1132544K
  class space    used 10950K, capacity 14038K, committed 14080K, reserved 1048576K
}
Event: 69.053 GC heap before
{Heap before GC invocations=29 (full 5):
 PSYoungGen      total 294912K, used 14825K [0x00000000eab00000, 0x00000000ff780000, 0x0000000100000000)
  eden space 280064K, 0% used [0x00000000eab00000,0x00000000eab00000,0x00000000fbc80000)
  from space 14848K, 99% used [0x00000000fd500000,0x00000000fe37a798,0x00000000fe380000)
  to   space 25088K, 0% used [0x00000000fbc80000,0x00000000fbc80000,0x00000000fd500000)
 ParOldGen       total 88576K, used 77712K [0x00000000c0000000, 0x00000000c5680000, 0x00000000eab00000)
  object space 88576K, 87% used [0x00000000c0000000,0x00000000c4be4300,0x00000000c5680000)
 Metaspace       used 85299K, capacity 96266K, committed 96512K, reserved 1132544K
  class space    used 10950K, capacity 14038K, committed 14080K, reserved 1048576K
Event: 69.568 GC heap after
Heap after GC invocations=29 (full 5):
 PSYoungGen      total 294912K, used 0K [0x00000000eab00000, 0x00000000ff780000, 0x0000000100000000)
  eden space 280064K, 0% used [0x00000000eab00000,0x00000000eab00000,0x00000000fbc80000)
  from space 14848K, 0% used [0x00000000fd500000,0x00000000fd500000,0x00000000fe380000)
  to   space 25088K, 0% used [0x00000000fbc80000,0x00000000fbc80000,0x00000000fd500000)
 ParOldGen       total 133632K, used 87531K [0x00000000c0000000, 0x00000000c8280000, 0x00000000eab00000)
  object space 133632K, 65% used [0x00000000c0000000,0x00000000c557af18,0x00000000c8280000)
 Metaspace       used 85299K, capacity 96266K, committed 96512K, reserved 1132544K
  class space    used 10950K, capacity 14038K, committed 14080K, reserved 1048576K
}

Deoptimization events (10 events):
Event: 62.317 Thread 0x0000000022c5e800 Uncommon trap: reason=unstable_if action=reinterpret pc=0x0000000004967ca8 method=javax.swing.text.AbstractDocument.readLock()V @ 4
Event: 62.329 Thread 0x00000000210c1800 Uncommon trap: reason=unstable_if action=reinterpret pc=0x0000000004966294 method=javax.swing.text.AbstractDocument.readUnlock()V @ 7
Event: 62.371 Thread 0x0000000022c5e800 Uncommon trap: reason=class_check action=maybe_recompile pc=0x00000000043048b4 method=java.util.HashSet.remove(Ljava/lang/Object;)Z @ 5
Event: 62.371 Thread 0x0000000022c5e800 Uncommon trap: reason=class_check action=maybe_recompile pc=0x00000000043048b4 method=java.util.HashSet.remove(Ljava/lang/Object;)Z @ 5
Event: 62.497 Thread 0x0000000022c5c800 Uncommon trap: reason=unstable_if action=reinterpret pc=0x0000000004dde56c method=java.io.File.<init>(Ljava/io/File;Ljava/lang/String;)V @ 22
Event: 64.171 Thread 0x0000000018e0b800 Uncommon trap: reason=unstable_if action=reinterpret pc=0x0000000004e9670c method=org.netbeans.modules.masterfs.filebasedfs.utils.FileChangedManager.pingIO(I)I @ 103
Event: 64.171 Thread 0x0000000018e0b800 Uncommon trap: reason=unstable_if action=reinterpret pc=0x0000000004e54808 method=org.netbeans.modules.masterfs.filebasedfs.utils.FileChangedManager.pingIO(I)I @ 103
Event: 64.172 Thread 0x0000000018e0b800 Uncommon trap: reason=unstable_if action=reinterpret pc=0x0000000004de94b4 method=org.netbeans.modules.masterfs.filebasedfs.utils.FileChangedManager.pingIO(I)I @ 103
Event: 64.175 Thread 0x0000000018e0b800 Uncommon trap: reason=unstable_if action=reinterpret pc=0x0000000004c49310 method=org.netbeans.modules.masterfs.filebasedfs.utils.FileChangedManager.pingIO(I)I @ 103
Event: 66.685 Thread 0x00000000210c1800 Uncommon trap: reason=unstable_if action=reinterpret pc=0x000000000414590c method=java.awt.datatransfer.DataFlavor.equals(Ljava/awt/datatransfer/DataFlavor;)Z @ 70

Classes redefined (0 events):
No events

Internal exceptions (10 events):
Event: 53.452 Thread 0x0000000018e0d000 Exception <a 'java/lang/NoSuchMethodError': <clinit>> (0x00000000efd31340) thrown at [C:\re\workspace\8-2-build-windows-amd64-cygwin\jdk8u181\11358\hotspot\src\share\vm\prims\jni.cpp, line 1613]
Event: 53.455 Thread 0x0000000018e0d000 Exception <a 'java/lang/NoSuchMethodError': <clinit>> (0x00000000efd4c0c8) thrown at [C:\re\workspace\8-2-build-windows-amd64-cygwin\jdk8u181\11358\hotspot\src\share\vm\prims\jni.cpp, line 1613]
Event: 53.735 Thread 0x0000000018e0d000 Exception <a 'java/lang/ClassNotFoundException': > (0x00000000f16c5de8) thrown at [C:\re\workspace\8-2-build-windows-amd64-cygwin\jdk8u181\11358\hotspot\src\share\vm\prims\jni.cpp, line 735]
Event: 57.382 Thread 0x0000000018e0d000 Implicit null exception at 0x000000000503d2f8 to 0x00000000050409b5
Event: 57.382 Thread 0x0000000018e0d000 Implicit null exception at 0x000000000503d2f8 to 0x00000000050409b5
Event: 59.849 Thread 0x0000000022c5e800 Implicit null exception at 0x00000000050879b8 to 0x0000000005088679
Event: 61.797 Thread 0x00000000210bd000 Exception <a 'java/io/FileNotFoundException'> (0x00000000f22d76b8) thrown at [C:\re\workspace\8-2-build-windows-amd64-cygwin\jdk8u181\11358\hotspot\src\share\vm\prims\jni.cpp, line 709]
Event: 62.004 Thread 0x0000000022c5c800 Exception <a 'java/io/FileNotFoundException'> (0x00000000f39615a0) thrown at [C:\re\workspace\8-2-build-windows-amd64-cygwin\jdk8u181\11358\hotspot\src\share\vm\prims\jni.cpp, line 709]
Event: 62.497 Thread 0x0000000022c5c800 Implicit null exception at 0x0000000004dde23d to 0x0000000004dde551
Event: 62.500 Thread 0x0000000022c5c800 Exception <a 'sun/nio/fs/WindowsException'> (0x00000000f62e01a0) thrown at [C:\re\workspace\8-2-build-windows-amd64-cygwin\jdk8u181\11358\hotspot\src\share\vm\prims\jni.cpp, line 709]

Events (10 events):
Event: 69.582 Executing VM operation: RevokeBias done
Event: 69.582 Thread 0x00000000210c4000 Thread exited: 0x00000000210c4000
Event: 69.582 Executing VM operation: RevokeBias
Event: 69.582 Executing VM operation: RevokeBias done
Event: 69.582 Executing VM operation: RevokeBias
Event: 69.583 Executing VM operation: RevokeBias done
Event: 69.680 Executing VM operation: RevokeBias
Event: 69.680 Executing VM operation: RevokeBias done
Event: 69.680 Executing VM operation: RevokeBias
Event: 69.680 Executing VM operation: RevokeBias done


Dynamic libraries:
0x0000000000400000 - 0x0000000000580000 	C:\Program Files\NetBeans 8.2\bin\netbeans64.exe
0x00007ffb21880000 - 0x00007ffb21a70000 	C:\Windows\SYSTEM32\ntdll.dll
0x00007ffb21530000 - 0x00007ffb215e2000 	C:\Windows\System32\KERNEL32.DLL
0x00007ffb1ec90000 - 0x00007ffb1ef34000 	C:\Windows\System32\KERNELBASE.dll
0x00007ffb1c560000 - 0x00007ffb1c5ef000 	C:\Windows\SYSTEM32\apphelp.dll
0x00007ffaec890000 - 0x00007ffaec8ed000 	C:\Windows\SYSTEM32\AcGenral.dll
0x00007ffb20240000 - 0x00007ffb202de000 	C:\Windows\System32\msvcrt.dll
0x00007ffb209d0000 - 0x00007ffb20a67000 	C:\Windows\System32\sechost.dll
0x00007ffb212c0000 - 0x00007ffb213e0000 	C:\Windows\System32\RPCRT4.dll
0x00007ffb1f9a0000 - 0x00007ffb1f9f2000 	C:\Windows\System32\SHLWAPI.dll
0x00007ffb1fdc0000 - 0x00007ffb200f5000 	C:\Windows\System32\combase.dll
0x00007ffb1f7a0000 - 0x00007ffb1f89a000 	C:\Windows\System32\ucrtbase.dll
0x00007ffb1ea10000 - 0x00007ffb1ea90000 	C:\Windows\System32\bcryptPrimitives.dll
0x00007ffb20ef0000 - 0x00007ffb20f16000 	C:\Windows\System32\GDI32.dll
0x00007ffb1ef40000 - 0x00007ffb1ef61000 	C:\Windows\System32\win32u.dll
0x00007ffb1e800000 - 0x00007ffb1e996000 	C:\Windows\System32\gdi32full.dll
0x00007ffb1ef70000 - 0x00007ffb1f00e000 	C:\Windows\System32\msvcp_win.dll
0x00007ffb216a0000 - 0x00007ffb21835000 	C:\Windows\System32\USER32.dll
0x00007ffb20fe0000 - 0x00007ffb21137000 	C:\Windows\System32\ole32.dll
0x00007ffb1fc10000 - 0x00007ffb1fcb3000 	C:\Windows\System32\advapi32.dll
0x00007ffb202e0000 - 0x00007ffb209c7000 	C:\Windows\System32\SHELL32.dll
0x00007ffb1e9a0000 - 0x00007ffb1e9ea000 	C:\Windows\System32\cfgmgr32.dll
0x00007ffb20f20000 - 0x00007ffb20fc9000 	C:\Windows\System32\shcore.dll
0x00007ffb1f010000 - 0x00007ffb1f792000 	C:\Windows\System32\windows.storage.dll
0x00007ffb1e740000 - 0x00007ffb1e763000 	C:\Windows\System32\profapi.dll
0x00007ffb1e770000 - 0x00007ffb1e7ba000 	C:\Windows\System32\powrprof.dll
0x00007ffb1e730000 - 0x00007ffb1e740000 	C:\Windows\System32\UMPDC.dll
0x00007ffb1e7e0000 - 0x00007ffb1e7f1000 	C:\Windows\System32\kernel.appcore.dll
0x00007ffb1e9f0000 - 0x00007ffb1ea07000 	C:\Windows\System32\cryptsp.dll
0x00007ffb1e650000 - 0x00007ffb1e675000 	C:\Windows\SYSTEM32\USERENV.dll
0x00007ffb091d0000 - 0x00007ffb091eb000 	C:\Windows\SYSTEM32\MPR.dll
0x00007ffb1e620000 - 0x00007ffb1e64f000 	C:\Windows\SYSTEM32\SspiCli.dll
0x00007ffac0bc0000 - 0x00007ffac1052000 	C:\Windows\SYSTEM32\AcLayers.DLL
0x0000000180000000 - 0x0000000180003000 	C:\Windows\SYSTEM32\sfc.dll
0x00007ffb09250000 - 0x00007ffb092d9000 	C:\Windows\SYSTEM32\WINSPOOL.DRV
0x00007ffb1f8a0000 - 0x00007ffb1f8c6000 	C:\Windows\System32\bcrypt.dll
0x00007ffb1ce90000 - 0x00007ffb1cf80000 	C:\Windows\SYSTEM32\PROPSYS.dll
0x00007ffb21460000 - 0x00007ffb21525000 	C:\Windows\System32\OLEAUT32.dll
0x00007ffb1dca0000 - 0x00007ffb1dcda000 	C:\Windows\SYSTEM32\IPHLPAPI.DLL
0x00007ffb092e0000 - 0x00007ffb092f1000 	C:\Windows\SYSTEM32\sfc_os.DLL
0x00007ffb06bb0000 - 0x00007ffb06bc1000 	C:\Windows\SYSTEM32\SortWindows61.dll
0x00007ffb21670000 - 0x00007ffb2169e000 	C:\Windows\System32\IMM32.DLL
0x00007ffb19c90000 - 0x00007ffb19cf5000 	C:\Windows\SYSTEM32\ninput.dll
0x0000000071850000 - 0x00000000719a3000 	C:\Program Files\NetBeans 8.2\platform\lib\nbexec64.dll
0x0000000070fa0000 - 0x0000000071842000 	C:\Program Files\Java\jdk1.8.0_181\jre\bin\server\jvm.dll
0x00007ffb20fd0000 - 0x00007ffb20fd8000 	C:\Windows\System32\PSAPI.DLL
0x00007ffb1af10000 - 0x00007ffb1af34000 	C:\Windows\SYSTEM32\WINMM.dll
0x00007ffb1d230000 - 0x00007ffb1d239000 	C:\Windows\SYSTEM32\WSOCK32.dll
0x00007ffb13210000 - 0x00007ffb1321a000 	C:\Windows\SYSTEM32\VERSION.dll
0x00007ffb1fd40000 - 0x00007ffb1fdaf000 	C:\Windows\System32\WS2_32.dll
0x0000000070ec0000 - 0x0000000070f92000 	C:\Program Files\Java\jdk1.8.0_181\jre\bin\MSVCR100.dll
0x00007ffb1aee0000 - 0x00007ffb1af0d000 	C:\Windows\SYSTEM32\winmmbase.dll
0x0000000070e80000 - 0x0000000070eb8000 	C:\Program Files\Java\jdk1.8.0_181\jre\bin\splashscreen.dll
0x0000000070e70000 - 0x0000000070e7f000 	C:\Program Files\Java\jdk1.8.0_181\jre\bin\verify.dll
0x0000000070e40000 - 0x0000000070e69000 	C:\Program Files\Java\jdk1.8.0_181\jre\bin\java.dll
0x0000000070e20000 - 0x0000000070e36000 	C:\Program Files\Java\jdk1.8.0_181\jre\bin\zip.dll
0x0000000070e00000 - 0x0000000070e1a000 	C:\Program Files\Java\jdk1.8.0_181\jre\bin\net.dll
0x00007ffb1df90000 - 0x00007ffb1dff7000 	C:\Windows\system32\mswsock.dll
0x0000000070de0000 - 0x0000000070df1000 	C:\Program Files\Java\jdk1.8.0_181\jre\bin\nio.dll
0x00007ffb1fdb0000 - 0x00007ffb1fdb8000 	C:\Windows\System32\NSI.dll
0x00007ffb15d60000 - 0x00007ffb15d76000 	C:\Windows\SYSTEM32\dhcpcsvc6.DLL
0x00007ffb16300000 - 0x00007ffb1631c000 	C:\Windows\SYSTEM32\dhcpcsvc.DLL
0x00007ffb1dce0000 - 0x00007ffb1ddab000 	C:\Windows\SYSTEM32\DNSAPI.dll
0x0000000070c40000 - 0x0000000070dd9000 	C:\Program Files\Java\jdk1.8.0_181\jre\bin\awt.dll
0x00007ffb1db00000 - 0x00007ffb1db33000 	C:\Windows\system32\rsaenh.dll
0x00007ffb1e160000 - 0x00007ffb1e16c000 	C:\Windows\SYSTEM32\CRYPTBASE.dll
0x00007ffb1cb70000 - 0x00007ffb1cb9d000 	C:\Windows\system32\DWMAPI.DLL
0x00007ffb1c6a0000 - 0x00007ffb1c739000 	C:\Windows\system32\uxtheme.dll
0x00007ffb09fa0000 - 0x00007ffb0a0f6000 	C:\Windows\system32\opengl32.dll
0x00007ffb12510000 - 0x00007ffb1253c000 	C:\Windows\SYSTEM32\GLU32.dll
0x00007ffb1d390000 - 0x00007ffb1d3b0000 	C:\Windows\SYSTEM32\dxcore.dll
0x00007ffb0ead0000 - 0x00007ffb0ed54000 	C:\Windows\WinSxS\amd64_microsoft.windows.common-controls_6595b64144ccf1df_6.0.18362.1016_none_9e7a36bbe461dae4\COMCTL32.dll
0x00007ffb20100000 - 0x00007ffb20235000 	C:\Windows\System32\MSCTF.dll
0x0000000070bf0000 - 0x0000000070c37000 	C:\Program Files\Java\jdk1.8.0_181\jre\bin\fontmanager.dll
0x00007ffb19930000 - 0x00007ffb199ce000 	C:\Windows\System32\TextInputFramework.dll
0x00007ffb19d00000 - 0x00007ffb1a02a000 	C:\Windows\System32\CoreUIComponents.dll
0x00007ffb1c350000 - 0x00007ffb1c424000 	C:\Windows\System32\CoreMessaging.dll
0x00007ffb1d780000 - 0x00007ffb1d7b1000 	C:\Windows\SYSTEM32\ntmarta.dll
0x00007ffb1a410000 - 0x00007ffb1a563000 	C:\Windows\SYSTEM32\wintypes.dll
0x0000000070ba0000 - 0x0000000070be2000 	C:\Program Files\Java\jdk1.8.0_181\jre\bin\t2k.dll
0x00007ffb12a60000 - 0x00007ffb12a76000 	C:\Windows\system32\napinsp.dll
0x00007ffb126b0000 - 0x00007ffb126ca000 	C:\Windows\system32\pnrpnsp.dll
0x00007ffb1d220000 - 0x00007ffb1d22e000 	C:\Windows\System32\winrnr.dll
0x00007ffb1b020000 - 0x00007ffb1b03c000 	C:\Windows\system32\NLAapi.dll
0x00007ffb0e790000 - 0x00007ffb0e7a5000 	C:\Windows\system32\wshbth.dll
0x00007ffb0f540000 - 0x00007ffb0f54a000 	C:\Windows\System32\rasadhlp.dll
0x00007ffb158f0000 - 0x00007ffb15967000 	C:\Windows\System32\fwpuclnt.dll
0x00007ffb06b30000 - 0x00007ffb06b55000 	C:\Program Files\NetBeans 8.2\platform\modules\lib\amd64\jnidispatch-422.dll
0x0000000070b90000 - 0x0000000070b9d000 	C:\Program Files\Java\jdk1.8.0_181\jre\bin\management.dll
0x00007ffb15ec0000 - 0x00007ffb15fb0000 	C:\Windows\SYSTEM32\winhttp.dll
0x00007ffb18670000 - 0x00007ffb18719000 	C:\Windows\WinSxS\amd64_microsoft.windows.common-controls_6595b64144ccf1df_5.82.18362.1016_none_73b3274ad815f571\comctl32.dll
0x00007ffb21210000 - 0x00007ffb212b2000 	C:\Windows\System32\clbcatq.dll
0x00007ffb194d0000 - 0x00007ffb1967f000 	C:\Windows\SYSTEM32\WindowsCodecs.dll
0x00007ffb117e0000 - 0x00007ffb1181a000 	C:\Windows\system32\dataexchange.dll
0x00007ffb1b740000 - 0x00007ffb1b99b000 	C:\Windows\system32\d3d11.dll
0x00007ffb1b9a0000 - 0x00007ffb1bb7d000 	C:\Windows\system32\dcomp.dll
0x00007ffb1d420000 - 0x00007ffb1d50b000 	C:\Windows\system32\dxgi.dll
0x00007ffb1c810000 - 0x00007ffb1ca72000 	C:\Windows\system32\twinapi.appcore.dll
0x00007ffb1cba0000 - 0x00007ffb1cbc9000 	C:\Windows\system32\RMCLIENT.dll
0x0000000070b60000 - 0x0000000070b8a000 	C:\Program Files\Java\jdk1.8.0_181\jre\bin\dcpr.dll
0x00007ffb13330000 - 0x00007ffb135d6000 	C:\Windows\System32\iertutil.dll
0x0000000070b30000 - 0x0000000070b54000 	C:\Program Files\Java\jdk1.8.0_181\jre\bin\sunec.dll
0x0000000070b20000 - 0x0000000070b2b000 	C:\Program Files\Java\jdk1.8.0_181\jre\bin\sunmscapi.dll
0x00007ffb1ea90000 - 0x00007ffb1ebd9000 	C:\Windows\System32\CRYPT32.dll
0x00007ffb1e7c0000 - 0x00007ffb1e7d2000 	C:\Windows\System32\MSASN1.dll
0x00007ffb0c030000 - 0x00007ffb0c224000 	C:\Windows\SYSTEM32\dbghelp.dll

VM Arguments:
jvm_args: -Dnetbeans.importclass=org.netbeans.upgrade.AutoUpgrade -Dnetbeans.accept_license_class=org.netbeans.license.AcceptLicense -client -Xss2m -Xms32m -Dapple.laf.useScreenMenuBar=true -Dapple.awt.graphics.UseQuartz=true -Dsun.java2d.noddraw=true -Dsun.java2d.dpiaware=true -Dsun.zip.disableMemoryMapping=true -Xmx1024m -Djdk.home=C:\Program Files\Java\jdk1.8.0_181 -Djdk.launcher.addexports.0=java.desktop/sun.awt=ALL-UNNAMED -Djdk.launcher.addexports.1=java.base/jdk.internal.jrtfs=ALL-UNNAMED -Djdk.launcher.addexports.2=java.desktop/java.awt.peer=ALL-UNNAMED -Djdk.launcher.addexports.3=java.desktop/com.sun.beans.editors=ALL-UNNAMED -Djdk.launcher.addexports.3=java.desktop/sun.awt.im=ALL-UNNAMED -Djdk.launcher.addexports.4=java.desktop/com.sun.java.swing.plaf.windows=ALL-UNNAMED -Djdk.launcher.addexports.5=java.management/sun.management=ALL-UNNAMED -Dnetbeans.home=C:\Program Files\NetBeans 8.2\platform -Dnetbeans.user=C:\Users\Abdul Basit\AppData\Roaming\NetBeans\8.2 -Dnetbeans.default_userdir_root=C:\Users\Abdul Basit\AppData\Roaming\NetBeans -XX:+HeapDumpOnOutOfMemoryError -XX:HeapDumpPath=C:\Users\Abdul Basit\AppData\Roaming\NetBeans\8.2\var\log\heapdump.hprof -Dsun.awt.keepWorkingSetOnMinimize=true -Dnetbeans.dirs=C:\Program Files\NetBeans 8.2\nb;C:\Program Files\NetBeans 8.2\ergonomics;C:\Program Files\NetBeans 8.2\ide;C:\Program Files\NetBeans 8.2\extide;C:\Program Files\NetBeans 8.2\java;C:\Program Files\NetBeans 8.2\apisupport;C:\Program Files\NetBeans 8.2\webcommon;C:\Program Files\NetBeans 8.2\websvccommon;C:\Program Files\NetBeans 8.2\enterprise;C:\Program Files\NetBeans 8.2\mobility;C:\Program Files\NetBeans 8.2\profiler;C:\Program Files\NetBeans 8.2\python;C:\Program Files\NetBeans 8.2\php;C:\Program Files\NetBeans 8.2\identity;C:\Program Files\NetBeans 8.2\harness;C:\Program Files\NetBeans 8.2\cnd;C:\Program Files\NetBeans 8.2\cndext;C:\Program Files\NetBeans 8.2\dlight;C:\Program Files\NetBeans 8.2\groovy;C:\Program Files\NetBeans 8.2\extra;C:\Program Files\NetBeans 8.2\javacard;C:\Program Files\NetBeans 8.2\javafx exit 
java_command: <unknown>
java_class_path (initial): C:\Users\Abdul Basit\AppData\Roaming\NetBeans\8.2\lib\jfluid-server-15.jar;C:\Users\Abdul Basit\AppData\Roaming\NetBeans\8.2\lib\jfluid-server-cvm.jar;C:\Users\Abdul Basit\AppData\Roaming\NetBeans\8.2\lib\jfluid-server.jar;C:\Users\Abdul Basit\AppData\Roaming\NetBeans\8.2\lib\locale\jfluid-server_ja.jar;C:\Users\Abdul Basit\AppData\Roaming\NetBeans\8.2\lib\locale\jfluid-server_pt_BR.jar;C:\Users\Abdul Basit\AppData\Roaming\NetBeans\8.2\lib\locale\jfluid-server_ru.jar;C:\Users\Abdul Basit\AppData\Roaming\NetBeans\8.2\lib\locale\jfluid-server_zh_CN.jar;C:\Program Files\NetBeans 8.2\platform\lib\boot.jar;C:\Program Files\NetBeans 8.2\platform\lib\org-openide-modules.jar;C:\Program Files\NetBeans 8.2\platform\lib\org-openide-util-lookup.jar;C:\Program Files\NetBeans 8.2\platform\lib\org-openide-util-ui.jar;C:\Program Files\NetBeans 8.2\platform\lib\org-openide-util.jar;C:\Program Files\NetBeans 8.2\platform\lib\locale\boot_ja.jar;C:\Program Files\NetBeans 8.2\platform\lib\locale\boot_pt_BR.jar;C:\Program Files\NetBeans 8.2\platform\lib\locale\boot_ru.jar;C:\Program Files\NetBeans 8.2\platform\lib\locale\boot_zh_CN.jar;C:\Program Files\NetBeans 8.2\platform\lib\locale\org-openide-modules_ja.jar;C:\Program Files\NetBeans 8.2\platform\lib\locale\org-openide-modules_pt_BR.jar;C:\Program Files\NetBeans 8.2\platform\lib\locale\org-openide-modules_ru.jar;C:\Program Files\NetBeans 8.2\platform\lib\locale\org-openide-modules_zh_CN.jar;C:\Program Files\NetBeans 8.2\platform\lib\locale\org-openide-util-lookup_ja.jar;C:\Program Files\NetBeans 8.2\platform\lib\locale\org-openide-util-lookup_pt_BR.jar;C:\Program Files\NetBeans 8.2\platform\lib\locale\org-openide-util-lookup_ru.jar;C:\Program Files\NetBeans 8.2\platform\lib\locale\org-openide-util-lookup_zh_CN.jar;C:\Program Files\NetBeans 8.2\platform\lib\locale\org-openide-util-ui_ja.jar;C:\Program Files\NetBeans 8.2\platform\lib\locale\org-openide-util-ui_pt_BR.jar;C:\Program Files\NetBeans 8.2\platform
Launcher Type: generic

Environment Variables:
PATH=C:\Program Files (x86)\Common Files\Oracle\Java\javapath;C:\Windows\system32;C:\Windows;C:\Windows\System32\Wbem;C:\Windows\System32\WindowsPowerShell\v1.0\;C:\Windows\System32\OpenSSH\;C:\Users\Abdul Basit\AppData\Local\Microsoft\WindowsApps
USERNAME=Abdul Basit
OS=Windows_NT
PROCESSOR_IDENTIFIER=Intel64 Family 6 Model 61 Stepping 4, GenuineIntel



---------------  S Y S T E M  ---------------

OS: Windows 10.0 , 64 bit Build 18362 (10.0.18362.959)

CPU:total 4 (initial active 4) (2 cores per cpu, 2 threads per core) family 6 model 61 stepping 4, cmov, cx8, fxsr, mmx, sse, sse2, sse3, ssse3, sse4.1, sse4.2, popcnt, avx, avx2, aes, clmul, erms, rtm, 3dnowpref, lzcnt, ht, tsc, tscinvbit, bmi1, bmi2, adx

Memory: 4k page, physical 8061184k(2632644k free), swap 11090272k(1862428k free)

vm_info: Java HotSpot(TM) 64-Bit Server VM (25.181-b13) for windows-amd64 JRE (1.8.0_181-b13), built on Jul  7 2018 04:01:33 by "java_re" with MS VC++ 10.0 (VS2010)

time: Thu Sep 24 13:01:16 2020
elapsed time: 70 seconds (0d 0h 1m 10s)

